2020-10-20 17:25:27,646 - D:\ZYCami_00\Public\Caplictily.py[line:44] - ERROR: No driver
2020-10-20 17:26:20,940 - D:\ZYCami_00\Public\Caplictily.py[line:44] - ERROR: No driver
2020-10-20 17:26:20,940 - D:\ZYCami_00\Public\Caplictily.py[line:44] - ERROR: No driver
2020-10-20 17:28:07,480 - D:\ZYCami_00\Public\Caplictily.py[line:44] - ERROR: No driver
2020-10-20 17:28:07,480 - D:\ZYCami_00\Public\Caplictily.py[line:44] - ERROR: No driver
2020-10-20 17:30:37,912 - D:\ZYCami_00\Public\Caplictily.py[line:44] - ERROR: No driver
2020-10-20 17:30:37,912 - D:\ZYCami_00\Public\Caplictily.py[line:44] - ERROR: No driver
2020-10-20 20:04:38,080 - D:\ZYCami_00\Public\Caplictily.py[line:44] - ERROR: No driver
2020-10-20 20:04:38,080 - D:\ZYCami_00\Public\Caplictily.py[line:44] - ERROR: No driver
2020-10-20 21:13:25,477 - D:\ZYCami_00\Public\Caplictily.py[line:44] - ERROR: No driver
2020-10-20 21:13:25,477 - D:\ZYCami_00\Public\Caplictily.py[line:44] - ERROR: No driver
2020-10-21 09:46:15,520 - D:\ZYCami_00\PO\Base_page.py[line:22] - ERROR: (('link text', 'new UiSelector().text("立即续费")'),)元素可见失效，错误：Message: 

2020-10-21 09:46:15,520 - D:\ZYCami_00\PO\Base_page.py[line:22] - ERROR: (('link text', 'new UiSelector().text("立即续费")'),)元素可见失效，错误：Message: 

2020-10-21 09:46:15,520 - D:\ZYCami_00\PO\Base_page.py[line:22] - ERROR: (('link text', 'new UiSelector().text("立即续费")'),)元素可见失效，错误：Message: 

2020-10-21 09:47:36,993 - D:\ZYCami_00\PO\Base_page.py[line:23] - ERROR: (('link text', 'new UiSelector().text("立即续费")'),)元素可见失效，错误：Message: 

2020-10-21 09:47:36,993 - D:\ZYCami_00\PO\Base_page.py[line:23] - ERROR: (('link text', 'new UiSelector().text("立即续费")'),)元素可见失效，错误：Message: 

2020-10-21 09:47:36,993 - D:\ZYCami_00\PO\Base_page.py[line:23] - ERROR: (('link text', 'new UiSelector().text("立即续费")'),)元素可见失效，错误：Message: 

2020-10-21 09:47:36,993 - D:\ZYCami_00\PO\Base_page.py[line:23] - ERROR: (('link text', 'new UiSelector().text("立即续费")'),)元素可见失效，错误：Message: 

2020-10-21 09:47:36,993 - D:\ZYCami_00\PO\Base_page.py[line:23] - ERROR: (('link text', 'new UiSelector().text("立即续费")'),)元素可见失效，错误：Message: 

2020-10-21 09:47:36,993 - D:\ZYCami_00\PO\Base_page.py[line:23] - ERROR: (('link text', 'new UiSelector().text("立即续费")'),)元素可见失效，错误：Message: 

2020-10-21 09:48:58,744 - D:\ZYCami_00\PO\Base_page.py[line:22] - ERROR: (('link text', '立即续费'),)元素可见失效，错误：Message: 

2020-10-21 09:48:58,744 - D:\ZYCami_00\PO\Base_page.py[line:22] - ERROR: (('link text', '立即续费'),)元素可见失效，错误：Message: 

2020-10-21 09:48:58,744 - D:\ZYCami_00\PO\Base_page.py[line:22] - ERROR: (('link text', '立即续费'),)元素可见失效，错误：Message: 

2020-10-21 09:57:16,313 - D:\ZYCami_00\PO\Base_page.py[line:26] - INFO: (('link text', '立即续费'),)元素可见失效，错误：Message: 

2020-10-21 09:57:16,313 - D:\ZYCami_00\PO\Base_page.py[line:26] - INFO: (('link text', '立即续费'),)元素可见失效，错误：Message: 

2020-10-21 09:57:16,313 - D:\ZYCami_00\PO\Base_page.py[line:26] - INFO: (('link text', '立即续费'),)元素可见失效，错误：Message: 

2020-10-21 09:57:16,313 - D:\ZYCami_00\PO\Base_page.py[line:26] - INFO: (('link text', '立即续费'),)元素可见失效，错误：Message: 

2020-10-21 09:57:16,313 - D:\ZYCami_00\PO\Base_page.py[line:26] - INFO: (('link text', '立即续费'),)元素可见失效，错误：Message: 

2020-10-21 10:06:09,657 - D:\ZYCami_00\PO\Base_page.py[line:26] - INFO: (('link text', '立即续费'),)元素可见失效，错误：Message: 

2020-10-21 10:06:09,657 - D:\ZYCami_00\PO\Base_page.py[line:26] - INFO: (('link text', '立即续费'),)元素可见失效，错误：Message: 

2020-10-21 10:06:09,657 - D:\ZYCami_00\PO\Base_page.py[line:26] - INFO: (('link text', '立即续费'),)元素可见失效，错误：Message: 

2020-10-21 10:11:41,409 - D:\ZYCami_00\PO\Base_page.py[line:26] - INFO: (('link text', '立即续费'),)元素可见失效，错误：Message: 

2020-10-21 10:11:41,409 - D:\ZYCami_00\PO\Base_page.py[line:26] - INFO: (('link text', '立即续费'),)元素可见失效，错误：Message: 

2020-10-21 10:11:41,409 - D:\ZYCami_00\PO\Base_page.py[line:26] - INFO: (('link text', '立即续费'),)元素可见失效，错误：Message: 

2020-10-21 10:25:02,536 - D:\ZYCami_00\PO\Base_page.py[line:26] - INFO: (('link text', '立即续费'),)元素可见失效，错误：Message: 

2020-10-21 11:13:07,916 - D:\ZYCami_00\PO\Base_page.py[line:26] - INFO: ('xpath', '//android.widget.FrameLayout[@content-desc="Me"]/android.widget.ImageView')元素可见失效，错误：Message: 

2020-10-21 11:51:34,255 - D:\ZYCami_00\Public\Caplictily.py[line:44] - ERROR: No driver
2020-10-21 11:51:34,255 - D:\ZYCami_00\PO\Base_page.py[line:26] - INFO: ('xpath', '//android.widget.FrameLayout[@content-desc="Me"]/android.widget.ImageView')元素可见失效，错误：'NoneType' object has no attribute 'find_element'
2020-10-21 11:52:27,812 - D:\ZYCami_00\PO\Base_page.py[line:26] - INFO: (('link text', ' // android.widget.TextView[ @ text = "钱包"'),)元素可见失效，错误：Message: 

2020-10-21 11:55:36,591 - D:\ZYCami_00\PO\Base_page.py[line:26] - INFO: (('link text', ' // android.widget.TextView[ @ text = "立即续费"'),)元素可见失效，错误：Message: 

2020-10-21 11:59:01,882 - D:\ZYCami_00\PO\Base_page.py[line:26] - INFO: (('xpath', ' // android.widget.TextView[ @ text = "立即续费"'),)元素可见失效，错误：Message: 

2020-10-21 12:03:30,248 - D:\ZYCami_00\PO\Base_page.py[line:26] - INFO: (('xpath', ' // android.view.View[ @ text = "立即续费"'),)元素可见失效，错误：Message: 

2020-10-21 12:04:39,430 - D:\ZYCami_00\PO\Base_page.py[line:26] - INFO: (('xpath', "// android.view.View[@text = '立即续费']"),)元素可见失效，错误：Message: 

2020-10-21 14:38:40,324 - D:\ZYCami_00\PO\Base_page.py[line:26] - INFO: ('xpath', '/hierarchy/android.widget.FrameLayout/android.widget.LinearLayout/android.widget.FrameLayout/android.widget.LinearLayout/android.widget.FrameLayout/android.view.ViewGroup/android.widget.FrameLayout/android.widget.FrameLayout/android.webkit.WebView/android.webkit.WebView/android.view.View[1]/android.view.View/android.view.View[1]/android.view.View')元素可见失效，错误：Message: 

2020-10-21 14:51:05,645 - D:\ZYCami_00\PO\Base_page.py[line:26] - INFO: ('xpath', '/hierarchy/android.widget.FrameLayout/android.widget.LinearLayout/android.widget.FrameLayout/android.widget.LinearLayout/android.widget.FrameLayout/android.view.ViewGroup/android.widget.FrameLayout/android.widget.FrameLayout/android.webkit.WebView/android.webkit.WebView/android.view.View[1]/android.view.View/android.view.View[1]/android.view.View')元素可见失效，错误：Message: 

2020-10-21 14:53:20,788 - D:\ZYCami_00\PO\Base_page.py[line:26] - INFO: ('xpath', '/hierarchy/android.widget.FrameLayout/android.widget.LinearLayout/android.widget.FrameLayout/android.widget.LinearLayout/android.widget.FrameLayout/android.view.ViewGroup/android.widget.FrameLayout/android.widget.FrameLayout/android.webkit.WebView/android.webkit.WebView/android.view.View[1]/android.view.View/android.view.View[1]/android.view.View')元素可见失效，错误：Message: 

2020-10-21 15:14:16,176 - D:\ZYCami_00\PO\Base_page.py[line:26] - ERROR: ('xpath', '//android.widget.FrameLayout[@content-desc="Me"]/android.widget.ImageView')元素可见失效，错误：Message: An unknown server-side error occurred while processing the command. Original error: Could not proxy command to remote server. Original error: Error: read ECONNRESET

2020-10-21 15:14:18,196 - D:\ZYCami_00\PO\Base_page.py[line:26] - ERROR: ('id', 'tv_login')元素可见失效，错误：Message: An unknown server-side error occurred while processing the command. Original error: Could not proxy command to remote server. Original error: Error: read ECONNRESET

2020-10-21 15:14:21,219 - D:\ZYCami_00\PO\Base_page.py[line:26] - ERROR: ('xpath', '//android.widget.FrameLayout[@content-desc="Me"]/android.widget.ImageView')元素可见失效，错误：Message: An unknown server-side error occurred while processing the command. Original error: Could not proxy command to remote server. Original error: Error: read ECONNRESET

2020-10-21 15:14:44,382 - D:\ZYCami_00\Public\Caplictily.py[line:44] - ERROR: No driver
2020-10-21 15:14:44,384 - D:\ZYCami_00\PO\Base_page.py[line:26] - ERROR: ('xpath', '//android.widget.FrameLayout[@content-desc="Me"]/android.widget.ImageView')元素可见失效，错误：'NoneType' object has no attribute 'find_element'
2020-10-21 15:14:46,391 - D:\ZYCami_00\PO\Base_page.py[line:26] - ERROR: ('id', 'tv_login')元素可见失效，错误：'NoneType' object has no attribute 'find_element'
2020-10-21 15:14:49,403 - D:\ZYCami_00\PO\Base_page.py[line:26] - ERROR: ('xpath', '//android.widget.FrameLayout[@content-desc="Me"]/android.widget.ImageView')元素可见失效，错误：'NoneType' object has no attribute 'find_element'
2020-10-21 15:16:16,157 - D:\ZYCami_00\PO\Base_page.py[line:26] - ERROR: ('xpath', '//android.widget.FrameLayout[@content-desc="Me"]/android.widget.ImageView')元素可见失效，错误：Message: 

2020-10-21 15:18:54,298 - D:\ZYCami_00\PO\Base_page.py[line:26] - ERROR: ('xpath', '//android.widget.FrameLayout[@content-desc="Me"]/android.widget.ImageView')元素可见失效，错误：Message: 

2020-10-21 15:22:56,868 - D:\ZYCami_00\PO\Base_page.py[line:26] - ERROR: ('xpath', '//android.widget.FrameLayout[@content-desc="Me"]/android.widget.ImageView')元素可见失效，错误：Message: An unknown server-side error occurred while processing the command. Original error: Could not proxy command to remote server. Original error: Error: read ECONNRESET

2020-10-21 15:23:31,774 - D:\ZYCami_00\Public\Caplictily.py[line:44] - ERROR: No driver
2020-10-21 15:23:35,550 - D:\ZYCami_00\PO\Base_page.py[line:26] - ERROR: ('xpath', '//android.widget.FrameLayout[@content-desc="Me"]/android.widget.ImageView')元素可见失效，错误：'NoneType' object has no attribute 'find_element'
2020-10-21 15:23:41,848 - D:\ZYCami_00\PO\Base_page.py[line:26] - ERROR: ('id', 'tv_login')元素可见失效，错误：'NoneType' object has no attribute 'find_element'
2020-10-21 15:54:57,241 - D:\ZYCami_00\Public\Caplictily.py[line:44] - ERROR: No driver
2020-10-21 15:54:57,241 - D:\ZYCami_00\PO\Base_page.py[line:26] - ERROR: ('xpath', '//android.widget.FrameLayout[@content-desc="Me"]/android.widget.ImageView')元素可见失效，错误：'NoneType' object has no attribute 'find_element'
2020-10-21 15:54:59,242 - D:\ZYCami_00\PO\Base_page.py[line:26] - ERROR: ('id', 'tv_login')元素可见失效，错误：'NoneType' object has no attribute 'find_element'
2020-10-21 16:19:26,589 - D:\ZYCami_00\PO\Base_page.py[line:26] - ERROR: ('xpath', '//android.widget.FrameLayout[@content-desc="Me"]/android.widget.ImageView')元素可见失效，错误：Message: 

2020-10-21 16:19:37,610 - D:\ZYCami_00\PO\Base_page.py[line:26] - ERROR: ('id', 'tv_login')元素可见失效，错误：Message: 

2020-10-21 16:30:01,921 - D:\ZYCami_00\PO\Base_page.py[line:26] - ERROR: ('xpath', '/hierarchy/android.widget.FrameLayout/android.widget.LinearLayout/android.widget.FrameLayout/android.widget.LinearLayout/android.widget.FrameLayout/android.view.ViewGroup/android.widget.FrameLayout/android.view.ViewGroup/androidx.viewpager.widget.ViewPager/android.view.ViewGroup/android.widget.RelativeLayout/android.widget.TextView[1]')元素可见失效，错误：Message: 

2020-10-21 16:30:12,662 - D:\ZYCami_00\PO\Base_page.py[line:26] - ERROR: ('id', 'tv_login')元素可见失效，错误：Message: 

2020-10-21 16:31:00,912 - D:/ZYCami_00/TestCase/test_prime_pay.py[line:115] - ERROR: None购买套餐
2020-10-21 16:32:08,884 - D:\ZYCami_00\PO\Base_page.py[line:26] - ERROR: ('xpath', '/hierarchy/android.widget.FrameLayout/android.widget.LinearLayout/android.widget.FrameLayout/android.widget.LinearLayout/android.widget.FrameLayout/android.view.ViewGroup/android.widget.FrameLayout/android.view.ViewGroup/androidx.viewpager.widget.ViewPager/android.view.ViewGroup/android.widget.RelativeLayout/android.widget.TextView[1]')元素可见失效，错误：Message: 

2020-10-21 16:40:36,188 - D:/ZYCami_00/TestCase/test_prime_pay.py[line:103] - ERROR: 已登录，我的页面
2020-10-21 16:41:05,990 - D:/ZYCami_00/TestCase/test_prime_pay.py[line:115] - ERROR: 购买套餐，协议，素材
2020-10-21 16:42:13,342 - D:\ZYCami_00\TestCase\test_prime_pay.py[line:103] - ERROR: 已登录，我的页面
2020-10-21 16:42:59,393 - D:\ZYCami_00\TestCase\test_prime_pay.py[line:115] - ERROR: 购买套餐，协议，素材
2020-10-21 17:18:19,325 - D:\ZYCami_00\Public\Caplictily.py[line:44] - ERROR: No driver
2020-10-21 17:18:19,325 - D:\ZYCami_00\PO\Base_page.py[line:25] - ERROR: ('xpath', '//android.widget.FrameLayout[@content-desc="Me"]/android.widget.ImageView')元素可见失效，错误：'NoneType' object has no attribute 'find_element'
2020-10-21 17:19:06,585 - D:\ZYCami_00\PO\Base_page.py[line:25] - ERROR: (('name', '立即续费'),)元素可见失效，错误：Message: 

2020-10-21 20:21:40,694 - D:\ZYCami_00\Public\Caplictily.py[line:44] - ERROR: No driver
2020-10-21 20:21:40,694 - D:\ZYCami_00\PO\Base_page.py[line:25] - ERROR: ('xpath', '//android.widget.FrameLayout[@content-desc="Me"]/android.widget.ImageView')元素可见失效，错误：'NoneType' object has no attribute 'find_element'
2020-10-21 20:21:42,697 - D:\ZYCami_00\PO\Base_page.py[line:25] - ERROR: ('id', 'tv_login')元素可见失效，错误：'NoneType' object has no attribute 'find_element'
2020-10-21 21:11:54,014 - D:\ZYCami_00\PO\Base_page.py[line:25] - ERROR: ('xpath', '/hierarchy/android.widget.FrameLayout/android.widget.LinearLayout/android.widget.FrameLayout/android.widget.LinearLayout/android.widget.FrameLayout/android.view.ViewGroup/android.widget.FrameLayout/android.view.ViewGroup/androidx.viewpager.widget.ViewPager/android.view.ViewGroup/android.widget.RelativeLayout/android.widget.TextView[1]')元素可见失效，错误：Message: 

2020-10-21 21:20:42,258 - D:\ZYCami_00\PO\Base_page.py[line:25] - ERROR: ('xpath', '//android.widget.FrameLayout[@content-desc="Me"]/android.widget.ImageView')元素可见失效，错误：Message: A session is either terminated or not started

2020-10-21 21:20:56,262 - D:\ZYCami_00\PO\Base_page.py[line:25] - ERROR: ('id', 'tv_login')元素可见失效，错误：Message: A session is either terminated or not started

2020-10-21 21:21:42,363 - D:\ZYCami_00\PO\Base_page.py[line:25] - ERROR: ('xpath', '/hierarchy/android.widget.FrameLayout/android.widget.LinearLayout/android.widget.FrameLayout/android.widget.LinearLayout/android.widget.FrameLayout/android.view.ViewGroup/android.widget.FrameLayout/android.view.ViewGroup/androidx.viewpager.widget.ViewPager/android.view.ViewGroup/android.widget.RelativeLayout/android.widget.TextView[1]')元素可见失效，错误：Message: 

2020-10-21 21:32:19,439 - D:\ZYCami_00\Public\Caplictily.py[line:44] - ERROR: No driver
2020-10-21 21:32:19,439 - D:\ZYCami_00\PO\Base_page.py[line:25] - ERROR: ('xpath', '//android.widget.FrameLayout[@content-desc="Me"]/android.widget.ImageView')元素可见失效，错误：'NoneType' object has no attribute 'find_element'
2020-10-21 21:32:21,449 - D:\ZYCami_00\PO\Base_page.py[line:25] - ERROR: ('id', 'tv_login')元素可见失效，错误：'NoneType' object has no attribute 'find_element'
2020-10-22 10:08:59,021 - D:\ZYCami_00\PO\Base_page.py[line:25] - ERROR: ('xpath', '/hierarchy/android.widget.FrameLayout/android.widget.LinearLayout/android.widget.FrameLayout/android.widget.LinearLayout/android.widget.FrameLayout/android.view.ViewGroup/android.widget.FrameLayout/android.view.ViewGroup/androidx.viewpager.widget.ViewPager/android.view.ViewGroup/android.widget.RelativeLayout/android.widget.TextView[1]')元素可见失效，错误：Message: 

2020-10-22 10:10:13,091 - D:\ZYCami_00\Public\Caplictily.py[line:44] - ERROR: No driver
2020-10-22 10:10:18,028 - D:\ZYCami_00\PO\Base_page.py[line:25] - ERROR: ('xpath', '//android.widget.FrameLayout[@content-desc="Me"]/android.widget.ImageView')元素可见失效，错误：'NoneType' object has no attribute 'find_element'
2020-10-22 10:11:10,650 - D:\ZYCami_00\PO\Base_page.py[line:25] - ERROR: (('xpath', "//*[text()='立即续费']"),)元素可见失效，错误：Message: 

2020-10-22 10:20:54,120 - D:\ZYCami_00\PO\Base_page.py[line:25] - ERROR: (('xpath', "//*[text()='立即开通']"),)元素可见失效，错误：Message: 

2020-10-22 11:37:11,886 - D:\ZYCami_00\PO\Base_page.py[line:25] - ERROR: ('id', 'com.zhiyun.cama:id/cloud_engine')元素可见失效，错误：Message: 

2020-10-22 11:37:30,226 - D:\ZYCami_00\PO\Base_page.py[line:25] - ERROR: ('id', 'com.zhiyun.cama:id/start')元素可见失效，错误：Message: 

2020-10-22 11:37:41,183 - D:\ZYCami_00\PO\Base_page.py[line:25] - ERROR: ('xpath', '/hierarchy/android.widget.FrameLayout/android.widget.LinearLayout/android.widget.FrameLayout/android.widget.LinearLayout/android.widget.FrameLayout/android.widget.FrameLayout/android.widget.FrameLayout/android.widget.FrameLayout/android.webkit.WebView/android.webkit.WebView/android.view.View[1]/android.view.View[2]/android.view.View[2]/android.view.View[1]/android.view.View[1]/android.view.View[3]/android.view.View/android.view.View')元素可见失效，错误：Message: 

2020-10-22 11:38:40,006 - D:\ZYCami_00\PO\Base_page.py[line:25] - ERROR: ('id', 'com.zhiyun.cama:id/cloud_engine')元素可见失效，错误：Message: 

2020-10-22 11:39:32,132 - D:\ZYCami_00\PO\Base_page.py[line:25] - ERROR: ('id', 'tv_login')元素可见失效，错误：Message: 

2020-10-22 11:39:55,740 - D:\ZYCami_00\PO\Base_page.py[line:25] - ERROR: ('id', 'com.zhiyun.cama:id/start')元素可见失效，错误：Message: 

2020-10-22 11:40:06,461 - D:\ZYCami_00\PO\Base_page.py[line:25] - ERROR: ('xpath', '/hierarchy/android.widget.FrameLayout/android.widget.LinearLayout/android.widget.FrameLayout/android.widget.LinearLayout/android.widget.FrameLayout/android.widget.FrameLayout/android.widget.FrameLayout/android.widget.FrameLayout/android.webkit.WebView/android.webkit.WebView/android.view.View[1]/android.view.View[2]/android.view.View[2]/android.view.View[1]/android.view.View[1]/android.view.View[3]/android.view.View/android.view.View')元素可见失效，错误：Message: 

2020-10-22 11:45:28,248 - D:\ZYCami_00\PO\Base_page.py[line:25] - ERROR: ('id', 'com.zhiyun.cama:id/start')元素可见失效，错误：Message: 

2020-10-22 11:45:39,270 - D:\ZYCami_00\PO\Base_page.py[line:25] - ERROR: ('xpath', '/hierarchy/android.widget.FrameLayout/android.widget.LinearLayout/android.widget.FrameLayout/android.widget.LinearLayout/android.widget.FrameLayout/android.widget.FrameLayout/android.widget.FrameLayout/android.widget.FrameLayout/android.webkit.WebView/android.webkit.WebView/android.view.View[1]/android.view.View[2]/android.view.View[2]/android.view.View[1]/android.view.View[1]/android.view.View[3]/android.view.View/android.view.View')元素可见失效，错误：Message: 

2020-10-22 11:46:51,329 - D:\ZYCami_00\PO\Base_page.py[line:25] - ERROR: ('id', 'com.zhiyun.cama:id/start')元素可见失效，错误：Message: 

2020-10-22 11:47:02,218 - D:\ZYCami_00\PO\Base_page.py[line:25] - ERROR: ('xpath', '/hierarchy/android.widget.FrameLayout/android.widget.LinearLayout/android.widget.FrameLayout/android.widget.LinearLayout/android.widget.FrameLayout/android.widget.FrameLayout/android.widget.FrameLayout/android.widget.FrameLayout/android.webkit.WebView/android.webkit.WebView/android.view.View[1]/android.view.View[2]/android.view.View[2]/android.view.View[1]/android.view.View[1]/android.view.View[3]/android.view.View/android.view.View')元素可见失效，错误：Message: 

2020-10-22 11:49:43,676 - D:\ZYCami_00\PO\Base_page.py[line:25] - ERROR: ('id', 'com.zhiyun.cama:id/start')元素可见失效，错误：Message: 

2020-10-22 11:49:54,645 - D:\ZYCami_00\PO\Base_page.py[line:25] - ERROR: ('xpath', '/hierarchy/android.widget.FrameLayout/android.widget.LinearLayout/android.widget.FrameLayout/android.widget.LinearLayout/android.widget.FrameLayout/android.widget.FrameLayout/android.widget.FrameLayout/android.widget.FrameLayout/android.webkit.WebView/android.webkit.WebView/android.view.View[1]/android.view.View[2]/android.view.View[2]/android.view.View[1]/android.view.View[1]/android.view.View[3]/android.view.View/android.view.View')元素可见失效，错误：Message: 

2020-10-22 11:50:51,309 - D:\ZYCami_00\PO\Base_page.py[line:25] - ERROR: ('id', 'com.zhiyun.cama:id/start')元素可见失效，错误：Message: 

2020-10-22 11:51:05,422 - D:\ZYCami_00\PO\Base_page.py[line:25] - ERROR: ('xpath', '/hierarchy/android.widget.FrameLayout/android.widget.LinearLayout/android.widget.FrameLayout/android.widget.LinearLayout/android.widget.FrameLayout/android.widget.FrameLayout/android.widget.FrameLayout/android.widget.FrameLayout/android.webkit.WebView/android.webkit.WebView/android.view.View[1]/android.view.View[2]/android.view.View[2]/android.widget.Button')元素可见失效，错误：Message: 

2020-10-22 11:51:51,536 - D:\ZYCami_00\PO\Base_page.py[line:25] - ERROR: ('id', 'com.zhiyun.cama:id/start')元素可见失效，错误：Message: 

2020-10-22 11:52:15,078 - D:\ZYCami_00\PO\Base_page.py[line:25] - ERROR: ('xpath', '/hierarchy/android.widget.FrameLayout/android.widget.LinearLayout/android.widget.FrameLayout/android.widget.LinearLayout/android.widget.FrameLayout/android.widget.FrameLayout/android.widget.FrameLayout/android.widget.FrameLayout/android.webkit.WebView/android.webkit.WebView/android.view.View[1]/android.view.View[2]/android.view.View[2]/android.widget.Button')元素可见失效，错误：Message: 

2020-10-22 11:54:27,573 - D:\ZYCami_00\PO\Base_page.py[line:25] - ERROR: ('xpath', '/hierarchy/android.widget.FrameLayout/android.widget.LinearLayout/android.widget.FrameLayout/android.widget.LinearLayout/android.widget.FrameLayout/android.widget.FrameLayout/android.widget.FrameLayout/android.widget.FrameLayout/android.webkit.WebView/android.webkit.WebView/android.view.View[1]/android.view.View[2]/android.view.View[2]/android.widget.Button')元素可见失效，错误：Message: 

2020-10-22 11:59:31,896 - D:\ZYCami_00\PO\Base_page.py[line:25] - ERROR: ('id', 'com.zhiyun.cama:id/start')元素可见失效，错误：Message: 

2020-10-22 12:10:06,612 - D:\ZYCami_00\PO\Base_page.py[line:25] - ERROR: ('id', 'com.zhiyun.cama:id/start')元素可见失效，错误：Message: 

2020-10-22 12:12:12,556 - D:\ZYCami_00\PO\Base_page.py[line:25] - ERROR: ('xpath', '/hierarchy/android.widget.FrameLayout/android.widget.LinearLayout/android.widget.FrameLayout/android.widget.LinearLayout/android.widget.FrameLayout/android.view.ViewGroup/android.widget.FrameLayout/android.view.ViewGroup/androidx.viewpager.widget.ViewPager/android.view.ViewGroup/android.widget.RelativeLayout/android.widget.TextView[1]')元素可见失效，错误：Message: 

2020-10-22 12:12:30,160 - D:\ZYCami_00\PO\Base_page.py[line:25] - ERROR: ('xpath', '/hierarchy/android.widget.FrameLayout/android.widget.LinearLayout/android.widget.FrameLayout/android.widget.LinearLayout/android.widget.FrameLayout/android.view.ViewGroup/android.widget.FrameLayout/android.view.ViewGroup/androidx.viewpager.widget.ViewPager/android.view.ViewGroup/android.widget.RelativeLayout/android.widget.TextView[1]')元素可见失效，错误：Message: An unknown server-side error occurred while processing the command. Original error: Could not proxy command to remote server. Original error: Error: read ECONNRESET

2020-10-22 12:13:37,733 - D:\ZYCami_00\PO\Base_page.py[line:25] - ERROR: ('xpath', '/hierarchy/android.widget.FrameLayout/android.widget.LinearLayout/android.widget.FrameLayout/android.widget.LinearLayout/android.widget.FrameLayout/android.view.ViewGroup/android.widget.FrameLayout/android.view.ViewGroup/androidx.viewpager.widget.ViewPager/android.view.ViewGroup/android.widget.RelativeLayout/android.widget.TextView[1]')元素可见失效，错误：Message: 

2020-10-22 14:06:43,042 - D:\ZYCami_00\PO\Base_page.py[line:25] - ERROR: ('id', 'tv_login')元素可见失效，错误：Message: An unknown server-side error occurred while processing the command. Original error: Could not proxy command to remote server. Original error: Error: socket hang up

2020-10-22 14:07:42,220 - D:\ZYCami_00\PO\Base_page.py[line:25] - ERROR: ('id', 'com.zhiyun.cama:id/start')元素可见失效，错误：Message: 

2020-10-22 14:07:54,854 - D:\ZYCami_00\PO\Base_page.py[line:25] - ERROR: ('xpath', '//android.widget.FrameLayout[@content-desc="Editor"]/android.widget.ImageView')元素可见失效，错误：Message: 

2020-10-22 14:08:10,392 - D:\ZYCami_00\PO\Base_page.py[line:25] - ERROR: ('id', 'com.zhiyun.cama:id/start')元素可见失效，错误：Message: 

2020-10-22 14:09:26,609 - D:\ZYCami_00\PO\Base_page.py[line:25] - ERROR: ('id', 'com.zhiyun.cama:id/start')元素可见失效，错误：Message: 

2020-10-22 14:10:07,732 - D:\ZYCami_00\PO\Base_page.py[line:25] - ERROR: ('id', 'com.zhiyun.cama:id/start')元素可见失效，错误：Message: 

2020-10-22 14:23:24,791 - D:\ZYCami_00\PO\Base_page.py[line:25] - ERROR: ('id', 'com.zhiyun.cama:id/start')元素可见失效，错误：Message: 

2020-10-22 16:51:00,377 - D:\ZYCami_00\PO\Base_page.py[line:25] - ERROR: ('xpath', '/hierarchy/android.widget.FrameLayout/android.widget.LinearLayout/android.widget.FrameLayout/android.widget.LinearLayout/android.widget.FrameLayout/android.view.ViewGroup/android.widget.FrameLayout/android.view.ViewGroup/android.webkit.WebView/android.webkit.WebView/android.view.View[1]/android.view.View[2]/android.view.View[1]/android.view.View[3]')元素可见失效，错误：Message: 

